[2022-11-18 13:21:31]:[SUCCESS]:[Installation startup]
[2022-11-18 13:21:31]:[SUCCESS]:[Loading /home/jessica/Desktop/Repo/eb3/bin/bin_clean_exit]
[2022-11-18 13:21:31]:[SUCCESS]:[Loading /home/jessica/Desktop/Repo/eb3/bin/bin_system]
[2022-11-18 13:21:31]:[SUCCESS]:[Loading /home/jessica/Desktop/Repo/eb3/bin/bin_system_folders]
[2022-11-18 13:21:31]:[SUCCESS]:[Loading /home/jessica/Desktop/Repo/eb3/bin/libraries/lib_colors]
[2022-11-18 13:21:31]:[SUCCESS]:[Loading /home/jessica/Desktop/Repo/eb3/bin/libraries/lib_colors256]
[2022-11-18 13:21:31]:[SUCCESS]:[Loading /home/jessica/Desktop/Repo/eb3/bin/libraries/lib_shared_functions]
[2022-11-18 13:21:31]:[SUCCESS]:[Loading /home/jessica/Desktop/Repo/eb3/bin/modules/mod_bakup]
[2022-11-18 13:21:31]:[SUCCESS]:[Loading /home/jessica/Desktop/Repo/eb3/bin/modules/mod_dirjump]
[2022-11-18 13:21:32]:[SUCCESS]:[Loading /home/jessica/Desktop/Repo/eb3/bin/modules/mod_empty]
[2022-11-18 13:21:32]:[SUCCESS]:[Loading /home/jessica/Desktop/Repo/eb3/bin/modules/mod_extract]
[2022-11-18 13:21:32]:[SUCCESS]:[Loading /home/jessica/Desktop/Repo/eb3/bin/modules/mod_logviewer]
[2022-11-18 13:21:32]:[SUCCESS]:[Loading /home/jessica/Desktop/Repo/eb3/bin/modules/mod_systeminfo]
[2022-11-18 13:21:32]:[SUCCESS]:[Loading /home/jessica/Desktop/Repo/eb3/bin/modules/mod_userlist]
[2022-11-18 13:21:32]:[SUCCESS]:[Loading /home/jessica/Desktop/Repo/eb3/bin/modules/mod_weather]
[2022-11-18 13:21:32]:[SUCCESS]:[Loading /home/jessica/Desktop/Repo/eb3/usr/themes/thm_pureblack]
[2022-11-18 13:22:01]:[SUCCESS]:[Installing bc]
[2022-11-18 13:22:02]:[SUCCESS]:[Installing jq]
[2022-11-18 13:22:04]:[SUCCESS]:[Installing git]
[2022-11-18 13:22:11]:[SUCCESS]:[Installing curl]
[2022-11-18 13:22:13]:[SUCCESS]:[Installing wget]
[2022-11-18 13:22:14]:[SUCCESS]:[Installing zip]
[2022-11-18 13:22:15]:[SUCCESS]:[Installing 7zip]
[2022-11-18 13:22:16]:[SUCCESS]:[Installing rar]
[2022-11-18 13:22:17]:[SUCCESS]:[Installing gzip]
[2022-11-18 13:22:19]:[SUCCESS]:[Installing python3]
[2022-11-18 13:22:20]:[SUCCESS]:[Installing python3-tk]
[2022-11-18 13:22:21]:[SUCCESS]:[Installing python3-dev]
[2022-11-18 13:22:21]:[SUCCESS]:[Backup of .bashrc completed]
[2022-11-18 13:22:21]:[SUCCESS]:[New .bashrc creation completed]
[2022-11-18 13:22:21]:[SUCCESS]:[File installation completed]
[2022-11-18 13:22:21]:[INFO]:[------------------------------ File Differences ------------------------------]
[2022-11-18 13:22:21]:[INFO]:[Only in /home/jessica/.local/bin/eb3/bin/cache: weather
Only in /home/jessica/.local/bin/eb3/var/backup: .bashrc-20221112_101406.backup
Files /home/jessica/Desktop/Repo/eb3/var/logs/install.log and /home/jessica/.local/bin/eb3/var/logs/install.log differ]
[2022-11-18 13:22:21]:[INFO]:[------------------------------------------------------------------------------]
[2022-11-18 13:22:21]:[SUCCESS]:[Cleanup file .git]
[2022-11-18 13:22:21]:[SUCCESS]:[Cleanup file .gitignore]
[2022-11-18 13:22:21]:[SUCCESS]:[Cleanup file .shellcheckrc]
[2022-11-18 13:22:21]:[SUCCESS]:[Cleanup file install.sh]
[2022-11-18 13:22:21]:[SUCCESS]:[Cleanup file .github]
[2022-11-18 13:22:21]:[SUCCESS]:[Cleanup file .dist]
[2022-11-18 13:22:21]:[SUCCESS]:[Cleanup file /home/jessica/.local/bin/eb3/bin/cache/.gitkeep]
[2022-11-18 13:22:21]:[SUCCESS]:[Cleanup file /home/jessica/.local/bin/eb3/var/logs/.gitkeep]
[2022-11-18 13:22:21]:[SUCCESS]:[Cleanup file /home/jessica/.local/bin/eb3/usr/overrides/.gitkeep]
[2022-11-18 13:22:21]:[SUCCESS]:[Cleanup file /home/jessica/.local/bin/eb3/var/backup/.gitkeep]
[2022-11-18 13:22:21]:[SUCCESS]:[Cleanup file /home/jessica/.local/bin/eb3/var/dirjump/.gitkeep]
[2022-11-18 13:22:22]:[SUCCESS]:[LogRotate Config file created during installation]
[2022-11-18 13:22:22]:[SUCCESS]:[EBv3 system installation has completed in 50.508 seconds]
